2025-05-15 22:07:39,319 - INFO - === DCASE 2020 Challenge Task 2 Feature Extraction LEVEL 1 ===
2025-05-15 22:07:39,319 - INFO - Using parameters: n_mels=128, frames=5, n_fft=1024, hop_length=512
2025-05-15 22:07:39,380 - INFO - Data preparation completed. Machine types: ['fan']
2025-05-15 22:07:39,386 - INFO - Processing fan - train dataset (6521 files)
2025-05-15 22:08:02,535 - INFO - Completed processing fan - train
2025-05-15 22:08:02,539 - INFO - Processing fan - test dataset (1875 files)
2025-05-15 22:08:02,553 - INFO - Completed processing fan - test
2025-05-15 22:08:02,553 - INFO - Feature extraction completed!
Success rate: 100.00%
Newly processed: 2846 files
Already existing: 5550 files
Skipped: 0 files
Total: 8396 files
2025-05-15 22:23:05,011 - INFO - === DCASE 2020 Challenge Task 2 Feature Extraction LEVEL 1 ===
2025-05-15 22:23:05,012 - INFO - Using parameters: n_mels=128, frames=5, n_fft=1024, hop_length=512
2025-05-15 22:23:05,062 - INFO - Data preparation completed. Machine types: ['fan']
2025-05-15 22:23:05,064 - INFO - Processing fan - train dataset (6521 files)
2025-05-15 22:23:05,102 - INFO - Completed processing fan - train
2025-05-15 22:23:05,104 - INFO - Processing fan - test dataset (1875 files)
2025-05-15 22:23:05,115 - INFO - Completed processing fan - test
2025-05-15 22:23:05,115 - INFO - Feature extraction completed!
Success rate: 100.00%
Newly processed: 0 files
Already existing: 8396 files
Skipped: 0 files
Total: 8396 files
2025-05-15 22:23:05,143 - INFO - 加载 fan train 数据集: 6521 个文件
2025-05-15 22:23:05,144 - INFO - 正常样本: 6521, 异常样本: 0
2025-05-15 22:23:05,152 - INFO - 加载 fan test 数据集: 1875 个文件
2025-05-15 22:23:05,152 - INFO - 正常样本: 400, 异常样本: 1475
2025-05-15 22:24:43,664 - INFO - === DCASE 2020 Challenge Task 2 Feature Extraction LEVEL 1 ===
2025-05-15 22:24:43,664 - INFO - Using parameters: n_mels=128, frames=5, n_fft=1024, hop_length=512
2025-05-15 22:24:43,714 - INFO - Data preparation completed. Machine types: ['fan']
2025-05-15 22:24:43,716 - INFO - Processing fan - train dataset (6521 files)
2025-05-15 22:24:43,749 - INFO - Completed processing fan - train
2025-05-15 22:24:43,751 - INFO - Processing fan - test dataset (1875 files)
2025-05-15 22:24:43,762 - INFO - Completed processing fan - test
2025-05-15 22:24:43,763 - INFO - Feature extraction completed!
Success rate: 100.00%
Newly processed: 0 files
Already existing: 8396 files
Skipped: 0 files
Total: 8396 files
2025-05-15 22:24:43,794 - INFO - 加载 fan train 数据集: 6521 个文件
2025-05-15 22:24:43,796 - INFO - 正常样本: 6521, 异常样本: 0
2025-05-15 22:24:43,806 - INFO - 加载 fan test 数据集: 1875 个文件
2025-05-15 22:24:43,807 - INFO - 正常样本: 400, 异常样本: 1475
2025-05-15 22:27:55,233 - INFO - === DCASE 2020 Challenge Task 2 Feature Extraction LEVEL 1 ===
2025-05-15 22:27:55,233 - INFO - Using parameters: n_mels=128, frames=5, n_fft=1024, hop_length=512
2025-05-15 22:27:55,283 - INFO - Data preparation completed. Machine types: ['fan']
2025-05-15 22:27:55,286 - INFO - Processing fan - train dataset (6521 files)
2025-05-15 22:27:55,323 - INFO - Completed processing fan - train
2025-05-15 22:27:55,324 - INFO - Processing fan - test dataset (1875 files)
2025-05-15 22:27:55,334 - INFO - Completed processing fan - test
2025-05-15 22:27:55,334 - INFO - Feature extraction completed!
Success rate: 100.00%
Newly processed: 0 files
Already existing: 8396 files
Skipped: 0 files
Total: 8396 files
2025-05-15 22:27:55,357 - INFO - 加载 fan train 数据集: 6521 个文件
2025-05-15 22:27:55,359 - INFO - 正常样本: 6521, 异常样本: 0
2025-05-15 22:27:55,365 - INFO - 加载 fan test 数据集: 1875 个文件
2025-05-15 22:27:55,365 - INFO - 正常样本: 400, 异常样本: 1475
2025-05-15 22:28:26,942 - INFO - === DCASE 2020 Challenge Task 2 Feature Extraction LEVEL 1 ===
2025-05-15 22:28:26,942 - INFO - Using parameters: n_mels=128, frames=5, n_fft=1024, hop_length=512
2025-05-15 22:28:26,998 - INFO - Data preparation completed. Machine types: ['fan']
2025-05-15 22:28:27,000 - INFO - Processing fan - train dataset (6521 files)
2025-05-15 22:28:27,037 - INFO - Completed processing fan - train
2025-05-15 22:28:27,039 - INFO - Processing fan - test dataset (1875 files)
2025-05-15 22:28:27,047 - INFO - Completed processing fan - test
2025-05-15 22:28:27,048 - INFO - Feature extraction completed!
Success rate: 100.00%
Newly processed: 0 files
Already existing: 8396 files
Skipped: 0 files
Total: 8396 files
2025-05-15 22:28:27,070 - INFO - 加载 fan train 数据集: 6521 个文件
2025-05-15 22:28:27,071 - INFO - 正常样本: 6521, 异常样本: 0
2025-05-15 22:28:27,078 - INFO - 加载 fan test 数据集: 1875 个文件
2025-05-15 22:28:27,078 - INFO - 正常样本: 400, 异常样本: 1475
2025-05-15 22:29:20,182 - INFO - === DCASE 2020 Challenge Task 2 Feature Extraction LEVEL 1 ===
2025-05-15 22:29:20,182 - INFO - Using parameters: n_mels=128, frames=5, n_fft=1024, hop_length=512
2025-05-15 22:29:20,230 - INFO - Data preparation completed. Machine types: ['fan']
2025-05-15 22:29:20,233 - INFO - Processing fan - train dataset (6521 files)
2025-05-15 22:29:20,269 - INFO - Completed processing fan - train
2025-05-15 22:29:20,271 - INFO - Processing fan - test dataset (1875 files)
2025-05-15 22:29:20,280 - INFO - Completed processing fan - test
2025-05-15 22:29:20,280 - INFO - Feature extraction completed!
Success rate: 100.00%
Newly processed: 0 files
Already existing: 8396 files
Skipped: 0 files
Total: 8396 files
2025-05-15 22:29:20,304 - INFO - 加载 fan train 数据集: 6521 个文件
2025-05-15 22:29:20,305 - INFO - 正常样本: 6521, 异常样本: 0
2025-05-15 22:29:20,311 - INFO - 加载 fan test 数据集: 1875 个文件
2025-05-15 22:29:20,311 - INFO - 正常样本: 400, 异常样本: 1475
2025-05-15 22:30:04,360 - INFO - === DCASE 2020 Challenge Task 2 Feature Extraction LEVEL 1 ===
2025-05-15 22:30:04,360 - INFO - Using parameters: n_mels=128, frames=5, n_fft=1024, hop_length=512
2025-05-15 22:30:04,458 - INFO - Data preparation completed. Machine types: ['fan']
2025-05-15 22:30:04,463 - INFO - Processing fan - train dataset (6521 files)
2025-05-15 22:30:04,501 - INFO - Completed processing fan - train
2025-05-15 22:30:04,503 - INFO - Processing fan - test dataset (1875 files)
2025-05-15 22:30:04,512 - INFO - Completed processing fan - test
2025-05-15 22:30:04,512 - INFO - Feature extraction completed!
Success rate: 100.00%
Newly processed: 0 files
Already existing: 8396 files
Skipped: 0 files
Total: 8396 files
2025-05-15 22:30:04,547 - INFO - 加载 fan train 数据集: 6521 个文件
2025-05-15 22:30:04,548 - INFO - 正常样本: 6521, 异常样本: 0
2025-05-15 22:30:04,563 - INFO - 加载 fan test 数据集: 1875 个文件
2025-05-15 22:30:04,563 - INFO - 正常样本: 400, 异常样本: 1475
2025-05-15 22:30:48,311 - INFO - === DCASE 2020 Challenge Task 2 Feature Extraction LEVEL 1 ===
2025-05-15 22:30:48,311 - INFO - Using parameters: n_mels=128, frames=5, n_fft=1024, hop_length=512
2025-05-15 22:30:48,391 - INFO - Data preparation completed. Machine types: ['fan']
2025-05-15 22:30:48,393 - INFO - Processing fan - train dataset (6521 files)
2025-05-15 22:30:48,431 - INFO - Completed processing fan - train
2025-05-15 22:30:48,432 - INFO - Processing fan - test dataset (1875 files)
2025-05-15 22:30:48,453 - INFO - Completed processing fan - test
2025-05-15 22:30:48,453 - INFO - Feature extraction completed!
Success rate: 100.00%
Newly processed: 0 files
Already existing: 8396 files
Skipped: 0 files
Total: 8396 files
2025-05-15 22:30:48,477 - INFO - 加载 fan train 数据集: 6521 个文件
2025-05-15 22:30:48,479 - INFO - 正常样本: 6521, 异常样本: 0
2025-05-15 22:30:48,484 - INFO - 加载 fan test 数据集: 1875 个文件
2025-05-15 22:30:48,485 - INFO - 正常样本: 400, 异常样本: 1475
2025-05-15 22:32:28,745 - INFO - === DCASE 2020 Challenge Task 2 Feature Extraction LEVEL 1 ===
2025-05-15 22:32:28,745 - INFO - Using parameters: n_mels=128, frames=5, n_fft=1024, hop_length=512
2025-05-15 22:32:28,857 - INFO - Data preparation completed. Machine types: ['fan']
2025-05-15 22:32:28,863 - INFO - Processing fan - train dataset (6521 files)
2025-05-15 22:32:28,903 - INFO - Completed processing fan - train
2025-05-15 22:32:28,905 - INFO - Processing fan - test dataset (1875 files)
2025-05-15 22:32:28,916 - INFO - Completed processing fan - test
2025-05-15 22:32:28,916 - INFO - Feature extraction completed!
Success rate: 100.00%
Newly processed: 0 files
Already existing: 8396 files
Skipped: 0 files
Total: 8396 files
2025-05-15 22:32:28,951 - INFO - 加载 fan train 数据集: 6521 个文件
2025-05-15 22:32:28,954 - INFO - 正常样本: 6521, 异常样本: 0
2025-05-15 22:32:28,963 - INFO - 加载 fan test 数据集: 1875 个文件
2025-05-15 22:32:28,963 - INFO - 正常样本: 400, 异常样本: 1475
2025-05-15 22:34:39,799 - INFO - === DCASE 2020 Challenge Task 2 Feature Extraction LEVEL 1 ===
2025-05-15 22:34:39,800 - INFO - Using parameters: n_mels=128, frames=5, n_fft=1024, hop_length=512
2025-05-15 22:34:39,887 - INFO - Data preparation completed. Machine types: ['fan']
2025-05-15 22:34:39,892 - INFO - Processing fan - train dataset (6521 files)
2025-05-15 22:34:39,945 - INFO - Completed processing fan - train
2025-05-15 22:34:39,947 - INFO - Processing fan - test dataset (1875 files)
2025-05-15 22:34:39,968 - INFO - Completed processing fan - test
2025-05-15 22:34:39,968 - INFO - Feature extraction completed!
Success rate: 100.00%
Newly processed: 0 files
Already existing: 8396 files
Skipped: 0 files
Total: 8396 files
2025-05-15 22:34:39,990 - INFO - 加载 fan train 数据集: 6521 个文件
2025-05-15 22:34:39,992 - INFO - 正常样本: 6521, 异常样本: 0
2025-05-15 22:37:48,698 - INFO - === DCASE 2020 Challenge Task 2 Feature Extraction LEVEL 1 ===
2025-05-15 22:37:48,698 - INFO - Using parameters: n_mels=128, frames=5, n_fft=1024, hop_length=512
2025-05-15 22:37:48,793 - INFO - Data preparation completed. Machine types: ['fan']
2025-05-15 22:37:48,797 - INFO - Processing fan - train dataset (6521 files)
2025-05-15 22:37:48,831 - INFO - Completed processing fan - train
2025-05-15 22:37:48,832 - INFO - Processing fan - test dataset (1875 files)
2025-05-15 22:37:48,842 - INFO - Completed processing fan - test
2025-05-15 22:37:48,842 - INFO - Feature extraction completed!
Success rate: 100.00%
Newly processed: 0 files
Already existing: 8396 files
Skipped: 0 files
Total: 8396 files
2025-05-15 22:37:48,866 - INFO - 加载 fan train 数据集: 6521 个文件
2025-05-15 22:37:48,868 - INFO - 正常样本: 6521, 异常样本: 0
2025-05-15 22:37:56,259 - INFO - 总帧数: 2014989
2025-05-15 22:37:56,393 - INFO - 加载 fan test 数据集: 1875 个文件
2025-05-15 22:37:56,393 - INFO - 正常样本: 400, 异常样本: 1475
2025-05-15 22:37:58,459 - INFO - 总帧数: 579375
2025-05-15 22:46:52,905 - INFO - === DCASE 2020 Challenge Task 2 Feature Extraction LEVEL 1 ===
2025-05-15 22:46:52,905 - INFO - Using parameters: n_mels=128, frames=5, n_fft=1024, hop_length=512
2025-05-15 22:46:52,956 - INFO - Data preparation completed. Machine types: ['fan']
2025-05-15 22:46:52,958 - INFO - Processing fan - train dataset (6521 files)
2025-05-15 22:47:56,229 - INFO - Completed processing fan - train
2025-05-15 22:47:56,234 - INFO - Processing fan - test dataset (1875 files)
2025-05-15 22:48:16,408 - INFO - Completed processing fan - test
2025-05-15 22:48:16,408 - INFO - Feature extraction completed!
Success rate: 100.00%
Newly processed: 8396 files
Already existing: 0 files
Skipped: 0 files
Total: 8396 files
2025-05-15 22:48:16,582 - INFO - Data preparation completed. Machine types: ['fan']
2025-05-15 22:48:16,582 - INFO - 开始堆叠所有特征到大文件...
2025-05-15 22:48:16,584 - INFO - 处理 fan - train (6521 files)
2025-05-15 22:48:49,965 - INFO - 处理 fan - test (1875 files)
2025-05-15 22:53:56,328 - INFO - Data preparation completed. Machine types: ['fan']
2025-05-15 22:53:56,332 - INFO - 处理 fan - train (6521 files)
2025-05-15 22:54:31,544 - INFO - 处理 fan - test (1875 files)
2025-05-15 22:57:07,094 - INFO - Data preparation completed. Machine types: ['fan']
2025-05-15 22:57:07,098 - INFO - 处理 fan - train (6521 files)
2025-05-15 22:57:41,464 - INFO - 处理 fan - test (1875 files)
2025-05-15 23:01:03,399 - INFO - Data preparation completed. Machine types: ['fan']
2025-05-15 23:01:03,404 - INFO - 收集 fan - train (6521 files)
2025-05-15 23:01:03,410 - INFO - 收集 fan - test (1875 files)
2025-05-15 23:01:03,417 - INFO - 统计 train 总帧数...
2025-05-15 23:01:33,327 - INFO - 统计 val 总帧数...
2025-05-15 23:01:36,703 - INFO - 统计 test 总帧数...
2025-05-15 23:01:45,322 - INFO - 写入 train.h5...
2025-05-15 23:02:12,621 - INFO - features/train.h5 写入完成，总帧数: 1813212
2025-05-15 23:02:12,622 - INFO - 写入 val.h5...
2025-05-15 23:02:15,876 - INFO - features/val.h5 写入完成，总帧数: 201777
2025-05-15 23:02:15,877 - INFO - 写入 test.h5...
2025-05-15 23:02:24,840 - INFO - features/test.h5 写入完成，总帧数: 579375
2025-05-15 23:02:24,840 - INFO - 全部特征已分批保存为 train/val/test.h5
2025-05-15 23:04:23,184 - INFO - Data preparation completed. Machine types: ['fan']
2025-05-15 23:04:23,187 - INFO - 收集 fan - train (6521 files)
2025-05-15 23:04:23,191 - INFO - 收集 fan - test (1875 files)
2025-05-15 23:04:23,196 - INFO - 统计 train 总帧数...
2025-05-15 23:05:11,722 - INFO - train.h5, val.h5, test.h5 已存在，跳过特征提取。
2025-05-15 23:05:18,593 - INFO - train.h5, val.h5, test.h5 已存在，跳过特征提取。
2025-05-15 23:07:05,466 - INFO - train.h5, val.h5, test.h5 已存在，跳过特征提取。
2025-05-15 23:23:25,138 - INFO - train.h5, val.h5, test.h5 已存在，跳过特征提取。
2025-05-16 00:11:29,352 - INFO - Data preparation completed. Machine types: ['fan']
2025-05-16 00:11:29,354 - INFO - 收集 fan - train (6521 files)
2025-05-16 00:11:29,359 - INFO - 收集 fan - test (1875 files)
2025-05-16 00:11:29,364 - INFO - 统计 train 总帧数...
2025-05-16 00:11:58,422 - INFO - 统计 val 总帧数...
2025-05-16 00:11:58,942 - INFO - 统计 test 总帧数...
2025-05-16 00:12:07,753 - INFO - 统计train特征均值和方差...
2025-05-16 00:13:29,529 - INFO - Data preparation completed. Machine types: ['fan']
2025-05-16 00:13:29,535 - INFO - 收集 fan - train (6521 files)
2025-05-16 00:13:29,541 - INFO - 收集 fan - test (1875 files)
2025-05-16 00:13:29,547 - INFO - 统计 train 总帧数...
2025-05-16 00:13:58,557 - INFO - 统计 val 总帧数...
2025-05-16 00:14:01,892 - INFO - 统计 test 总帧数...
2025-05-16 00:14:53,890 - INFO - 写入 train.h5...
2025-05-16 00:15:22,286 - INFO - features/train.h5 写入完成，总帧数: 1813212
2025-05-16 00:15:22,286 - INFO - 写入 val.h5...
2025-05-16 00:15:25,704 - INFO - features/val.h5 写入完成，总帧数: 201777
2025-05-16 00:15:25,704 - INFO - 写入 test.h5...
2025-05-16 00:15:35,138 - INFO - features/test.h5 写入完成，总帧数: 579375
2025-05-16 00:15:35,138 - INFO - 全部特征已分批保存为 train/val/test.h5
2025-05-16 00:16:29,628 - INFO - train.h5, val.h5, test.h5 已存在，跳过特征提取。
